
Showing logs for build [32mshteou-environment-foo-staging-5qh2f-1[0m stage [32mfrom-build-pack[0m and container [32mstep-credential-initializer-glnwj[0m
{"level":"info","ts":1588016698.6300178,"logger":"fallback-logger","caller":"logging/config.go:69","msg":"Fetch GitHub commit ID from kodata failed: open /var/run/ko/refs/heads/0.8.0-ns-support: no such file or directory"}
{"level":"info","ts":1588016698.6308298,"logger":"fallback-logger","caller":"creds-init/main.go:40","msg":"Credentials initialized."}

Showing logs for build [32mshteou-environment-foo-staging-5qh2f-1[0m stage [32mfrom-build-pack[0m and container [32mstep-working-dir-initializer-cnzhv[0m
{"level":"info","ts":1588016700.2361457,"logger":"fallback-logger","caller":"logging/config.go:69","msg":"Fetch GitHub commit ID from kodata failed: open /var/run/ko/HEAD: no such file or directory"}
{"level":"info","ts":1588016700.2384872,"logger":"fallback-logger","caller":"bash/main.go:64","msg":"Successfully executed command \"sh -c mkdir -p /workspace/source\"; output "}

Showing logs for build [32mshteou-environment-foo-staging-5qh2f-1[0m stage [32mfrom-build-pack[0m and container [32mstep-place-tools[0m

Showing logs for build [32mshteou-environment-foo-staging-5qh2f-1[0m stage [32mfrom-build-pack[0m and container [32mstep-git-source-shteou-environment-foo-staging-5qh2f-x4x8d[0m
{"level":"info","ts":1588016707.5692065,"logger":"fallback-logger","caller":"logging/config.go:69","msg":"Fetch GitHub commit ID from kodata failed: open /var/run/ko/refs/heads/0.8.0-ns-support: no such file or directory"}
{"level":"info","ts":1588016708.6828682,"logger":"fallback-logger","caller":"git/git.go:103","msg":"Successfully cloned https://github.com/******/environment-foo-staging.git @ v0.0.2 in path /workspace/source"}

Showing logs for build [32mshteou-environment-foo-staging-5qh2f-1[0m stage [32mfrom-build-pack[0m and container [32mstep-git-merge[0m
Using SHAs from PULL_REFS=master:03c28553348d666de0450efa28bcc26ecfea3e4b
WARNING: no SHAs to merge, falling back to initial cloned commit

Showing logs for build [32mshteou-environment-foo-staging-5qh2f-1[0m stage [32mfrom-build-pack[0m and container [32mstep-setup-jx-git-credentials[0m
Generated Git credentials file /builder/home/git/credentials

Showing logs for build [32mshteou-environment-foo-staging-5qh2f-1[0m stage [32mfrom-build-pack[0m and container [32mstep-build-helm-apply[0m
Modified file /workspace/source/env/Chart.yaml to set the chart to version 1
Namespace **-staging created 
creating the lock configmap **-lock-**-staging
lock configmap **-lock-**-staging created
Ignoring templates/.gitignore
Ignoring templates/wildcardcert-secret.yaml
WARNING: No $CHART_REPOSITORY defined so using the default value of: http://jenkins-x-chartmuseum:8080
Adding missing Helm repo: storage.googleapis.com https://storage.googleapis.com/chartmuseum.jenkins-x.io
Successfully added Helm repository storage.googleapis.com.
Adding missing Helm repo: jenkins-x-chartmuseum http://jenkins-x-chartmuseum:8080
Successfully added Helm repository jenkins-x-chartmuseum.
WARNING: No $CHART_REPOSITORY defined so using the default value of: http://jenkins-x-chartmuseum:8080
Adding missing Helm repo: chartmuseum.jenkins-x.io http://chartmuseum.jenkins-x.io
Successfully added Helm repository chartmuseum.jenkins-x.io.

cleaning the lock configmap **-lock-**-staging
